{"level":"info","message":"Server is running on port 3001","timestamp":"2024-08-29T16:21:00.767Z"}
{"level":"info","message":"Connected to MongoDB","timestamp":"2024-08-29T16:21:00.789Z"}
{"level":"error","message":"Error create or update engine status: Engine.findOneAndUpdate is not a constructor","timestamp":"2024-08-29T16:32:07.678Z"}
{"level":"error","message":"Error create or update engine status: Engine.findOneAndUpdate is not a constructor","timestamp":"2024-08-29T16:39:29.550Z"}
{"level":"error","message":"Error create or update engine status: Engine.findOneAndUpdate is not a constructor","timestamp":"2024-08-29T16:48:55.960Z"}
{"level":"error","message":"Error create or update engine status: Engine.findOneAndUpdate is not a constructor","timestamp":"2024-08-29T16:49:03.761Z"}
{"level":"error","message":"Error create or update engine status: Engine.findOneAndUpdate is not a constructor","timestamp":"2024-08-29T16:49:33.034Z"}
{"level":"info","message":"Server is running on port 3001","timestamp":"2024-08-29T16:49:46.473Z"}
{"level":"info","message":"Connected to MongoDB","timestamp":"2024-08-29T16:49:46.492Z"}
{"level":"error","message":"Error create or update engine status: Engine.findByIdAndUpdate is not a constructor","timestamp":"2024-08-29T16:49:50.143Z"}
{"level":"info","message":"Server is running on port 3001","timestamp":"2024-08-29T16:50:08.769Z"}
{"level":"info","message":"Connected to MongoDB","timestamp":"2024-08-29T16:50:08.790Z"}
{"level":"error","message":"Error create or update engine status: Engine.findOneAndUpdate is not a constructor","timestamp":"2024-08-29T16:50:14.073Z"}
{"level":"info","message":"Server is running on port 3001","timestamp":"2024-08-29T16:51:31.524Z"}
{"level":"info","message":"Connected to MongoDB","timestamp":"2024-08-29T16:51:31.547Z"}
{"level":"error","message":"Error create or update engine status: Engine.findOneAndUpdate is not a function","timestamp":"2024-08-29T16:51:36.607Z"}
{"level":"error","message":"Error fetching engine data: Engine.find is not a function","timestamp":"2024-08-29T16:52:08.872Z"}
{"level":"error","message":"Error fetching engine data: Engine.find is not a function","timestamp":"2024-08-29T16:52:14.031Z"}
{"level":"error","message":"Error create or update engine status: Engine.findOneAndUpdate is not a function","timestamp":"2024-08-29T16:52:18.556Z"}
{"level":"info","message":"Server is running on port 3001","timestamp":"2024-08-29T17:00:06.535Z"}
{"level":"info","message":"Connected to MongoDB","timestamp":"2024-08-29T17:00:06.558Z"}
{"level":"info","message":"Engine ENG001 status updated successfully","timestamp":"2024-08-29T17:00:29.226Z"}
{"level":"info","message":"Server is running on port 3001","timestamp":"2024-08-29T17:04:33.517Z"}
{"level":"info","message":"Connected to MongoDB","timestamp":"2024-08-29T17:04:33.541Z"}
{"level":"info","message":"Server is running on port 3001","timestamp":"2024-08-29T17:05:32.938Z"}
{"level":"info","message":"Connected to MongoDB","timestamp":"2024-08-29T17:05:32.965Z"}
{"level":"info","message":"Server is running on port 3001","timestamp":"2024-08-29T17:07:47.995Z"}
{"level":"info","message":"Connected to MongoDB","timestamp":"2024-08-29T17:07:48.022Z"}
{"level":"info","message":"Engine ENG002 status updated successfully","timestamp":"2024-08-29T17:09:08.160Z"}
{"level":"info","message":"Server is running on port 3001","timestamp":"2024-08-29T17:09:56.835Z"}
{"level":"info","message":"Connected to MongoDB","timestamp":"2024-08-29T17:09:56.856Z"}
{"level":"info","message":"Connected to MongoDB","timestamp":"2024-08-29T17:14:34.400Z"}
{"level":"info","message":"Engine ENG001 status updated successfully","timestamp":"2024-08-29T17:14:34.535Z"}
{"level":"info","message":"Server is running on port 3001","timestamp":"2024-08-29T19:56:21.236Z"}
{"level":"info","message":"Connected to MongoDB","timestamp":"2024-08-29T19:56:21.279Z"}
{"level":"info","message":"Engine ENG001 status updated successfully","timestamp":"2024-08-29T19:56:54.499Z"}
{"level":"info","message":"Server is running on port 3001","timestamp":"2024-08-29T20:00:50.264Z"}
{"level":"info","message":"Connected to MongoDB","timestamp":"2024-08-29T20:00:50.293Z"}
{"level":"info","message":"Engine ENG003 status updated successfully","timestamp":"2024-08-29T20:01:05.869Z"}
{"level":"info","message":"Server is running on port 3001","timestamp":"2024-09-01T03:49:47.889Z"}
{"level":"error","message":"Error connecting to MongoDB:  Invalid scheme, expected connection string to start with \"mongodb://\" or \"mongodb+srv://\"","stack":"MongoParseError: Invalid scheme, expected connection string to start with \"mongodb://\" or \"mongodb+srv://\"\n    at new ConnectionString (F:\\Train API\\SriLankan-Railway-Live-Train-Tracking-API\\engine-service\\node_modules\\mongodb-connection-string-url\\lib\\index.js:86:19)\n    at parseOptions (F:\\Train API\\SriLankan-Railway-Live-Train-Tracking-API\\engine-service\\node_modules\\mongodb\\lib\\connection_string.js:191:17)\n    at new MongoClient (F:\\Train API\\SriLankan-Railway-Live-Train-Tracking-API\\engine-service\\node_modules\\mongodb\\lib\\mongo_client.js:51:63)\n    at NativeConnection.createClient (F:\\Train API\\SriLankan-Railway-Live-Train-Tracking-API\\engine-service\\node_modules\\mongoose\\lib\\drivers\\node-mongodb-native\\connection.js:306:14)\n    at NativeConnection.openUri (F:\\Train API\\SriLankan-Railway-Live-Train-Tracking-API\\engine-service\\node_modules\\mongoose\\lib\\connection.js:823:34)\n    at Mongoose.connect (F:\\Train API\\SriLankan-Railway-Live-Train-Tracking-API\\engine-service\\node_modules\\mongoose\\lib\\mongoose.js:447:15)\n    at Object.<anonymous> (F:\\Train API\\SriLankan-Railway-Live-Train-Tracking-API\\engine-service\\src\\config\\db.js:4:10)\n    at Module._compile (node:internal/modules/cjs/loader:1159:14)\n    at Module._extensions..js (node:internal/modules/cjs/loader:1213:10)\n    at Module.load (node:internal/modules/cjs/loader:1037:32)","timestamp":"2024-09-01T03:49:47.898Z"}
{"level":"info","message":"Server is running on port 3001","timestamp":"2024-09-01T03:50:12.514Z"}
{"cause":{"code":"ERR_INVALID_URL","input":"iLoveJS://host:port"},"level":"error","message":"Error connecting to MongoDB:  Unable to parse host:port with URL","stack":"MongoRuntimeError: Unable to parse host:port with URL\n    at new HostAddress (F:\\Train API\\SriLankan-Railway-Live-Train-Tracking-API\\engine-service\\node_modules\\mongodb\\lib\\utils.js:721:34)\n    at fromString (F:\\Train API\\SriLankan-Railway-Live-Train-Tracking-API\\engine-service\\node_modules\\mongodb\\lib\\utils.js:763:16)\n    at Array.map (<anonymous>)\n    at parseOptions (F:\\Train API\\SriLankan-Railway-Live-Train-Tracking-API\\engine-service\\node_modules\\mongodb\\lib\\connection_string.js:200:45)\n    at new MongoClient (F:\\Train API\\SriLankan-Railway-Live-Train-Tracking-API\\engine-service\\node_modules\\mongodb\\lib\\mongo_client.js:51:63)\n    at NativeConnection.createClient (F:\\Train API\\SriLankan-Railway-Live-Train-Tracking-API\\engine-service\\node_modules\\mongoose\\lib\\drivers\\node-mongodb-native\\connection.js:306:14)\n    at NativeConnection.openUri (F:\\Train API\\SriLankan-Railway-Live-Train-Tracking-API\\engine-service\\node_modules\\mongoose\\lib\\connection.js:823:34)\n    at Mongoose.connect (F:\\Train API\\SriLankan-Railway-Live-Train-Tracking-API\\engine-service\\node_modules\\mongoose\\lib\\mongoose.js:447:15)\n    at Object.<anonymous> (F:\\Train API\\SriLankan-Railway-Live-Train-Tracking-API\\engine-service\\src\\config\\db.js:4:10)\n    at Module._compile (node:internal/modules/cjs/loader:1159:14)","timestamp":"2024-09-01T03:50:12.519Z"}
{"level":"info","message":"Server is running on port 3001","timestamp":"2024-09-01T04:45:52.223Z"}
{"level":"info","message":"Connected to MongoDB","timestamp":"2024-09-01T04:45:54.359Z"}
