{"level":"info","message":"Server is running on port 3001","timestamp":"2024-08-27T18:04:22.926Z"}
{"level":"error","message":"Error creating train: Operation `trains.insertOne()` buffering timed out after 10000ms","timestamp":"2024-08-27T18:07:16.159Z"}
{"level":"error","message":"Error creating train: Operation `trains.insertOne()` buffering timed out after 10000ms","timestamp":"2024-08-27T18:08:47.865Z"}
{"level":"info","message":"Server is running on port 3001","timestamp":"2024-08-27T18:11:41.471Z"}
{"level":"error","message":"Error creating train: Operation `trains.insertOne()` buffering timed out after 10000ms","timestamp":"2024-08-27T18:11:59.928Z"}
{"level":"info","message":"Server is running on port 3001","timestamp":"2024-08-27T18:13:56.581Z"}
{"level":"error","message":"Error creating train: Operation `trains.insertOne()` buffering timed out after 10000ms","timestamp":"2024-08-27T18:14:12.200Z"}
{"level":"error","message":"Error fetching trains: Operation `trains.find()` buffering timed out after 10000ms","timestamp":"2024-08-27T18:16:47.944Z"}
{"level":"error","message":"Error fetching trains: Operation `trains.find()` buffering timed out after 10000ms","timestamp":"2024-08-27T18:20:16.794Z"}
{"level":"error","message":"Error fetching trains: Operation `trains.find()` buffering timed out after 10000ms","timestamp":"2024-08-27T18:20:26.907Z"}
{"level":"error","message":"Error fetching trains: Operation `trains.find()` buffering timed out after 10000ms","timestamp":"2024-08-27T18:20:40.293Z"}
{"level":"info","message":"Server is running on port 3001","timestamp":"2024-08-27T18:28:07.846Z"}
{"level":"error","message":"Error connecting to MongoDB:  The `uri` parameter to `openUri()` must be a string, got \"undefined\". Make sure the first parameter to `mongoose.connect()` or `mongoose.createConnection()` is a string.","stack":"MongooseError: The `uri` parameter to `openUri()` must be a string, got \"undefined\". Make sure the first parameter to `mongoose.connect()` or `mongoose.createConnection()` is a string.\n    at NativeConnection.createClient (F:\\Train API\\SriLankan-Railway-Live-Train-Tracking-API\\train-service\\node_modules\\mongoose\\lib\\drivers\\node-mongodb-native\\connection.js:219:11)\n    at NativeConnection.openUri (F:\\Train API\\SriLankan-Railway-Live-Train-Tracking-API\\train-service\\node_modules\\mongoose\\lib\\connection.js:823:34)\n    at Mongoose.connect (F:\\Train API\\SriLankan-Railway-Live-Train-Tracking-API\\train-service\\node_modules\\mongoose\\lib\\mongoose.js:447:15)\n    at Object.<anonymous> (F:\\Train API\\SriLankan-Railway-Live-Train-Tracking-API\\train-service\\src\\config\\db.js:4:10)\n    at Module._compile (node:internal/modules/cjs/loader:1159:14)\n    at Module._extensions..js (node:internal/modules/cjs/loader:1213:10)\n    at Module.load (node:internal/modules/cjs/loader:1037:32)\n    at Module._load (node:internal/modules/cjs/loader:878:12)\n    at Module.require (node:internal/modules/cjs/loader:1061:19)\n    at require (node:internal/modules/cjs/helpers:103:18)","timestamp":"2024-08-27T18:28:07.855Z"}
{"level":"info","message":"Server is running on port 3001","timestamp":"2024-08-27T18:28:49.158Z"}
{"level":"error","message":"Error connecting to MongoDB:  The `uri` parameter to `openUri()` must be a string, got \"undefined\". Make sure the first parameter to `mongoose.connect()` or `mongoose.createConnection()` is a string.","stack":"MongooseError: The `uri` parameter to `openUri()` must be a string, got \"undefined\". Make sure the first parameter to `mongoose.connect()` or `mongoose.createConnection()` is a string.\n    at NativeConnection.createClient (F:\\Train API\\SriLankan-Railway-Live-Train-Tracking-API\\train-service\\node_modules\\mongoose\\lib\\drivers\\node-mongodb-native\\connection.js:219:11)\n    at NativeConnection.openUri (F:\\Train API\\SriLankan-Railway-Live-Train-Tracking-API\\train-service\\node_modules\\mongoose\\lib\\connection.js:823:34)\n    at Mongoose.connect (F:\\Train API\\SriLankan-Railway-Live-Train-Tracking-API\\train-service\\node_modules\\mongoose\\lib\\mongoose.js:447:15)\n    at Object.<anonymous> (F:\\Train API\\SriLankan-Railway-Live-Train-Tracking-API\\train-service\\src\\config\\db.js:4:10)\n    at Module._compile (node:internal/modules/cjs/loader:1159:14)\n    at Module._extensions..js (node:internal/modules/cjs/loader:1213:10)\n    at Module.load (node:internal/modules/cjs/loader:1037:32)\n    at Module._load (node:internal/modules/cjs/loader:878:12)\n    at Module.require (node:internal/modules/cjs/loader:1061:19)\n    at require (node:internal/modules/cjs/helpers:103:18)","timestamp":"2024-08-27T18:28:49.186Z"}
{"level":"info","message":"Server is running on port 3001","timestamp":"2024-08-27T18:30:44.932Z"}
{"level":"error","message":"Error connecting to MongoDB:  connect ECONNREFUSED ::1:27017","reason":{"commonWireVersion":0,"compatible":true,"heartbeatFrequencyMS":10000,"localThresholdMS":15,"logicalSessionTimeoutMinutes":null,"maxElectionId":null,"maxSetVersion":null,"servers":{"localhost:27017":{"$clusterTime":null,"address":"localhost:27017","arbiters":[],"electionId":null,"error":{},"hosts":[],"lastUpdateTime":2513117151,"lastWriteDate":0,"logicalSessionTimeoutMinutes":null,"maxWireVersion":0,"me":null,"minRoundTripTime":0,"minWireVersion":0,"passives":[],"primary":null,"roundTripTime":-1,"setName":null,"setVersion":null,"tags":{},"topologyVersion":null,"type":"Unknown"}},"setName":null,"stale":false,"type":"Unknown"},"stack":"MongooseServerSelectionError: connect ECONNREFUSED ::1:27017\n    at _handleConnectionErrors (F:\\Train API\\SriLankan-Railway-Live-Train-Tracking-API\\train-service\\node_modules\\mongoose\\lib\\connection.js:897:11)\n    at NativeConnection.openUri (F:\\Train API\\SriLankan-Railway-Live-Train-Tracking-API\\train-service\\node_modules\\mongoose\\lib\\connection.js:848:11)\n    at runNextTicks (node:internal/process/task_queues:60:5)\n    at listOnTimeout (node:internal/timers:533:9)\n    at process.processTimers (node:internal/timers:507:7)","timestamp":"2024-08-27T18:31:14.938Z"}
{"level":"error","message":"Error creating train: Operation `trains.insertOne()` buffering timed out after 10000ms","timestamp":"2024-08-27T18:31:18.575Z"}
{"level":"info","message":"Server is running on port 3001","timestamp":"2024-08-27T18:32:15.917Z"}
{"level":"info","message":"Connected to MongoDB","timestamp":"2024-08-27T18:32:15.938Z"}
{"level":"info","message":"Train Muthu Kumari created successfully","timestamp":"2024-08-27T18:32:26.163Z"}
{"level":"error","message":"Error updating train: Cast to ObjectId failed for value \"T001\" (type string) at path \"_id\" for model \"Train\"","timestamp":"2024-08-27T18:35:41.338Z"}
{"level":"info","message":"Train Muthu Kumari updated successfully","timestamp":"2024-08-27T18:35:57.033Z"}
{"level":"info","message":"Server is running on port 3001","timestamp":"2024-08-27T18:38:53.811Z"}
{"level":"info","message":"Connected to MongoDB","timestamp":"2024-08-27T18:38:53.841Z"}
{"level":"info","message":"Train Express created successfully","timestamp":"2024-08-27T18:38:53.968Z"}
{"level":"info","message":"Server is running on port 3001","timestamp":"2024-08-27T18:42:55.770Z"}
{"level":"info","message":"Connected to MongoDB","timestamp":"2024-08-27T18:42:55.837Z"}
{"level":"error","message":"Error creating train: E11000 duplicate key error collection: SLR-Train-API.trains index: trainId_1 dup key: { trainId: \"EXP123\" }","timestamp":"2024-08-27T18:42:55.974Z"}
{"level":"error","message":"Error updating train: Cast to ObjectId failed for value \"EXP123\" (type string) at path \"_id\" for model \"Train\"","timestamp":"2024-08-27T18:42:55.999Z"}
{"level":"info","message":"Server is running on port 3001","timestamp":"2024-08-27T18:52:08.034Z"}
{"level":"info","message":"Connected to MongoDB","timestamp":"2024-08-27T18:52:08.059Z"}
{"level":"info","message":"Train Sagarika created successfully","timestamp":"2024-08-27T18:52:35.820Z"}
{"level":"error","message":"Error updating train: Plan executor error during findAndModify :: caused by :: E11000 duplicate key error collection: SLR-Train-API.trains index: trainId_1 dup key: { trainId: \"TR002\" }","timestamp":"2024-08-27T18:53:37.756Z"}
{"level":"error","message":"Error updating train: Plan executor error during findAndModify :: caused by :: E11000 duplicate key error collection: SLR-Train-API.trains index: trainId_1 dup key: { trainId: \"TR002\" }","timestamp":"2024-08-27T18:54:09.443Z"}
{"level":"info","message":"Train Samudra updated successfully","timestamp":"2024-08-27T18:54:46.515Z"}
{"level":"info","message":"Server is running on port 3006","timestamp":"2024-08-29T18:09:47.850Z"}
{"level":"info","message":"Connected to MongoDB","timestamp":"2024-08-29T18:09:47.877Z"}
{"level":"info","message":"Train Sagarika created successfully","timestamp":"2024-08-29T18:10:47.269Z"}
{"level":"info","message":"Server is running on port 3004","timestamp":"2024-08-29T20:32:58.303Z"}
{"level":"info","message":"Connected to MongoDB","timestamp":"2024-08-29T20:32:58.325Z"}
{"level":"error","message":"Error creating train: E11000 duplicate key error collection: SLR-Train-API.trains index: trainId_1 dup key: { trainId: \"TR002\" }","timestamp":"2024-08-29T20:33:38.056Z"}
{"level":"info","message":"Train Sagarika created successfully","timestamp":"2024-08-29T20:34:14.075Z"}
{"level":"info","message":"Train Samudra updated successfully","timestamp":"2024-08-29T20:34:58.258Z"}
